2019-08-12 10:32:36 status triggers-pending linux-image-4.18.0-15-generic:amd64 4.18.0-15.16~18.04.1
2019-08-12 10:32:36 startup packages configure
2019-08-12 10:32:36 trigproc linux-image-4.18.0-15-generic:amd64 4.18.0-15.16~18.04.1 <none>
2019-08-12 10:32:36 status half-configured linux-image-4.18.0-15-generic:amd64 4.18.0-15.16~18.04.1
2019-08-12 10:32:36 status installed linux-image-4.18.0-15-generic:amd64 4.18.0-15.16~18.04.1
2019-08-12 10:32:59 startup packages purge
2019-08-12 20:36:20 startup archives unpack
2019-08-12 20:36:20 install libc-dev-bin:amd64 <none> 2.27-3ubuntu1
2019-08-12 20:36:20 status half-installed libc-dev-bin:amd64 2.27-3ubuntu1
2019-08-12 20:36:20 status triggers-pending man-db:amd64 2.8.3-2ubuntu0.1
2019-08-12 20:36:20 status unpacked libc-dev-bin:amd64 2.27-3ubuntu1
2019-08-12 20:36:20 status unpacked libc-dev-bin:amd64 2.27-3ubuntu1
2019-08-12 20:36:20 install linux-libc-dev:amd64 <none> 4.15.0-55.60
2019-08-12 20:36:20 status half-installed linux-libc-dev:amd64 4.15.0-55.60
2019-08-12 20:36:21 status unpacked linux-libc-dev:amd64 4.15.0-55.60
2019-08-12 20:36:21 status unpacked linux-libc-dev:amd64 4.15.0-55.60
2019-08-12 20:36:21 install libc6-dev:amd64 <none> 2.27-3ubuntu1
2019-08-12 20:36:21 status half-installed libc6-dev:amd64 2.27-3ubuntu1
2019-08-12 20:36:22 status unpacked libc6-dev:amd64 2.27-3ubuntu1
2019-08-12 20:36:22 status unpacked libc6-dev:amd64 2.27-3ubuntu1
2019-08-12 20:36:22 install libtinfo-dev:amd64 <none> 6.1-1ubuntu1.18.04
2019-08-12 20:36:22 status half-installed libtinfo-dev:amd64 6.1-1ubuntu1.18.04
2019-08-12 20:36:22 status unpacked libtinfo-dev:amd64 6.1-1ubuntu1.18.04
2019-08-12 20:36:22 status unpacked libtinfo-dev:amd64 6.1-1ubuntu1.18.04
2019-08-12 20:36:22 install libncurses5-dev:amd64 <none> 6.1-1ubuntu1.18.04
2019-08-12 20:36:22 status half-installed libncurses5-dev:amd64 6.1-1ubuntu1.18.04
2019-08-12 20:36:22 status unpacked libncurses5-dev:amd64 6.1-1ubuntu1.18.04
2019-08-12 20:36:22 status unpacked libncurses5-dev:amd64 6.1-1ubuntu1.18.04
2019-08-12 20:36:22 install libncursesw5-dev:amd64 <none> 6.1-1ubuntu1.18.04
2019-08-12 20:36:22 status half-installed libncursesw5-dev:amd64 6.1-1ubuntu1.18.04
2019-08-12 20:36:22 status unpacked libncursesw5-dev:amd64 6.1-1ubuntu1.18.04
2019-08-12 20:36:22 status unpacked libncursesw5-dev:amd64 6.1-1ubuntu1.18.04
2019-08-12 20:36:22 install manpages-dev:all <none> 4.15-1
2019-08-12 20:36:22 status half-installed manpages-dev:all 4.15-1
2019-08-12 20:36:23 status unpacked manpages-dev:all 4.15-1
2019-08-12 20:36:23 status unpacked manpages-dev:all 4.15-1
2019-08-12 20:36:23 startup packages configure
2019-08-12 20:36:23 configure linux-libc-dev:amd64 4.15.0-55.60 <none>
2019-08-12 20:36:23 status unpacked linux-libc-dev:amd64 4.15.0-55.60
2019-08-12 20:36:23 status half-configured linux-libc-dev:amd64 4.15.0-55.60
2019-08-12 20:36:23 status installed linux-libc-dev:amd64 4.15.0-55.60
2019-08-12 20:36:23 configure libtinfo-dev:amd64 6.1-1ubuntu1.18.04 <none>
2019-08-12 20:36:23 status unpacked libtinfo-dev:amd64 6.1-1ubuntu1.18.04
2019-08-12 20:36:23 status half-configured libtinfo-dev:amd64 6.1-1ubuntu1.18.04
2019-08-12 20:36:23 status installed libtinfo-dev:amd64 6.1-1ubuntu1.18.04
2019-08-12 20:36:23 trigproc man-db:amd64 2.8.3-2ubuntu0.1 <none>
2019-08-12 20:36:23 status half-configured man-db:amd64 2.8.3-2ubuntu0.1
2019-08-12 20:36:32 status installed man-db:amd64 2.8.3-2ubuntu0.1
2019-08-12 20:36:32 configure libc-dev-bin:amd64 2.27-3ubuntu1 <none>
2019-08-12 20:36:32 status unpacked libc-dev-bin:amd64 2.27-3ubuntu1
2019-08-12 20:36:32 status half-configured libc-dev-bin:amd64 2.27-3ubuntu1
2019-08-12 20:36:32 status installed libc-dev-bin:amd64 2.27-3ubuntu1
2019-08-12 20:36:32 configure manpages-dev:all 4.15-1 <none>
2019-08-12 20:36:32 status unpacked manpages-dev:all 4.15-1
2019-08-12 20:36:32 status half-configured manpages-dev:all 4.15-1
2019-08-12 20:36:32 status installed manpages-dev:all 4.15-1
2019-08-12 20:36:32 configure libc6-dev:amd64 2.27-3ubuntu1 <none>
2019-08-12 20:36:32 status unpacked libc6-dev:amd64 2.27-3ubuntu1
2019-08-12 20:36:32 status half-configured libc6-dev:amd64 2.27-3ubuntu1
2019-08-12 20:36:32 status installed libc6-dev:amd64 2.27-3ubuntu1
2019-08-12 20:36:32 configure libncurses5-dev:amd64 6.1-1ubuntu1.18.04 <none>
2019-08-12 20:36:32 status unpacked libncurses5-dev:amd64 6.1-1ubuntu1.18.04
2019-08-12 20:36:32 status half-configured libncurses5-dev:amd64 6.1-1ubuntu1.18.04
2019-08-12 20:36:32 status installed libncurses5-dev:amd64 6.1-1ubuntu1.18.04
2019-08-12 20:36:32 configure libncursesw5-dev:amd64 6.1-1ubuntu1.18.04 <none>
2019-08-12 20:36:32 status unpacked libncursesw5-dev:amd64 6.1-1ubuntu1.18.04
2019-08-12 20:36:32 status half-configured libncursesw5-dev:amd64 6.1-1ubuntu1.18.04
2019-08-12 20:36:32 status installed libncursesw5-dev:amd64 6.1-1ubuntu1.18.04
2019-08-12 20:37:22 startup archives unpack
2019-08-12 20:37:22 install libsigsegv2:amd64 <none> 2.12-1
2019-08-12 20:37:22 status triggers-pending libc-bin:amd64 2.27-3ubuntu1
2019-08-12 20:37:22 status half-installed libsigsegv2:amd64 2.12-1
2019-08-12 20:37:22 status unpacked libsigsegv2:amd64 2.12-1
2019-08-12 20:37:22 status unpacked libsigsegv2:amd64 2.12-1
2019-08-12 20:37:22 install m4:amd64 <none> 1.4.18-1
2019-08-12 20:37:22 status half-installed m4:amd64 1.4.18-1
2019-08-12 20:37:22 status triggers-pending install-info:amd64 6.5.0.dfsg.1-2
2019-08-12 20:37:22 status triggers-pending man-db:amd64 2.8.3-2ubuntu0.1
2019-08-12 20:37:22 status unpacked m4:amd64 1.4.18-1
2019-08-12 20:37:22 status unpacked m4:amd64 1.4.18-1
2019-08-12 20:37:22 install flex:amd64 <none> 2.6.4-6
2019-08-12 20:37:22 status half-installed flex:amd64 2.6.4-6
2019-08-12 20:37:23 status unpacked flex:amd64 2.6.4-6
2019-08-12 20:37:23 status unpacked flex:amd64 2.6.4-6
2019-08-12 20:37:23 upgrade libgomp1:amd64 8.2.0-1ubuntu2~18.04 8.3.0-6ubuntu1~18.04.1
2019-08-12 20:37:23 status half-configured libgomp1:amd64 8.2.0-1ubuntu2~18.04
2019-08-12 20:37:23 status unpacked libgomp1:amd64 8.2.0-1ubuntu2~18.04
2019-08-12 20:37:23 status half-installed libgomp1:amd64 8.2.0-1ubuntu2~18.04
2019-08-12 20:37:23 status half-installed libgomp1:amd64 8.2.0-1ubuntu2~18.04
2019-08-12 20:37:23 status unpacked libgomp1:amd64 8.3.0-6ubuntu1~18.04.1
2019-08-12 20:37:23 status unpacked libgomp1:amd64 8.3.0-6ubuntu1~18.04.1
2019-08-12 20:37:23 upgrade gcc-8-base:amd64 8.2.0-1ubuntu2~18.04 8.3.0-6ubuntu1~18.04.1
2019-08-12 20:37:23 status half-configured gcc-8-base:amd64 8.2.0-1ubuntu2~18.04
2019-08-12 20:37:23 status unpacked gcc-8-base:amd64 8.2.0-1ubuntu2~18.04
2019-08-12 20:37:23 status half-installed gcc-8-base:amd64 8.2.0-1ubuntu2~18.04
2019-08-12 20:37:23 status half-installed gcc-8-base:amd64 8.2.0-1ubuntu2~18.04
2019-08-12 20:37:23 status unpacked gcc-8-base:amd64 8.3.0-6ubuntu1~18.04.1
2019-08-12 20:37:23 status unpacked gcc-8-base:amd64 8.3.0-6ubuntu1~18.04.1
2019-08-12 20:37:23 startup packages configure
2019-08-12 20:37:23 configure gcc-8-base:amd64 8.3.0-6ubuntu1~18.04.1 <none>
2019-08-12 20:37:23 status unpacked gcc-8-base:amd64 8.3.0-6ubuntu1~18.04.1
2019-08-12 20:37:23 status half-configured gcc-8-base:amd64 8.3.0-6ubuntu1~18.04.1
2019-08-12 20:37:23 status installed gcc-8-base:amd64 8.3.0-6ubuntu1~18.04.1
2019-08-12 20:37:23 startup archives unpack
2019-08-12 20:37:23 upgrade libstdc++6:amd64 8.2.0-1ubuntu2~18.04 8.3.0-6ubuntu1~18.04.1
2019-08-12 20:37:23 status half-configured libstdc++6:amd64 8.2.0-1ubuntu2~18.04
2019-08-12 20:37:23 status unpacked libstdc++6:amd64 8.2.0-1ubuntu2~18.04
2019-08-12 20:37:23 status half-installed libstdc++6:amd64 8.2.0-1ubuntu2~18.04
2019-08-12 20:37:23 status half-installed libstdc++6:amd64 8.2.0-1ubuntu2~18.04
2019-08-12 20:37:23 status unpacked libstdc++6:amd64 8.3.0-6ubuntu1~18.04.1
2019-08-12 20:37:23 status unpacked libstdc++6:amd64 8.3.0-6ubuntu1~18.04.1
2019-08-12 20:37:23 startup packages configure
2019-08-12 20:37:23 configure libstdc++6:amd64 8.3.0-6ubuntu1~18.04.1 <none>
2019-08-12 20:37:23 status unpacked libstdc++6:amd64 8.3.0-6ubuntu1~18.04.1
2019-08-12 20:37:23 status half-configured libstdc++6:amd64 8.3.0-6ubuntu1~18.04.1
2019-08-12 20:37:23 status installed libstdc++6:amd64 8.3.0-6ubuntu1~18.04.1
2019-08-12 20:37:23 startup archives unpack
2019-08-12 20:37:23 upgrade libcc1-0:amd64 8.2.0-1ubuntu2~18.04 8.3.0-6ubuntu1~18.04.1
2019-08-12 20:37:23 status half-configured libcc1-0:amd64 8.2.0-1ubuntu2~18.04
2019-08-12 20:37:23 status unpacked libcc1-0:amd64 8.2.0-1ubuntu2~18.04
2019-08-12 20:37:23 status half-installed libcc1-0:amd64 8.2.0-1ubuntu2~18.04
2019-08-12 20:37:23 status half-installed libcc1-0:amd64 8.2.0-1ubuntu2~18.04
2019-08-12 20:37:23 status unpacked libcc1-0:amd64 8.3.0-6ubuntu1~18.04.1
2019-08-12 20:37:23 status unpacked libcc1-0:amd64 8.3.0-6ubuntu1~18.04.1
2019-08-12 20:37:23 upgrade libgcc1:amd64 1:8.2.0-1ubuntu2~18.04 1:8.3.0-6ubuntu1~18.04.1
2019-08-12 20:37:23 status half-configured libgcc1:amd64 1:8.2.0-1ubuntu2~18.04
2019-08-12 20:37:23 status unpacked libgcc1:amd64 1:8.2.0-1ubuntu2~18.04
2019-08-12 20:37:23 status half-installed libgcc1:amd64 1:8.2.0-1ubuntu2~18.04
2019-08-12 20:37:23 status half-installed libgcc1:amd64 1:8.2.0-1ubuntu2~18.04
2019-08-12 20:37:24 status unpacked libgcc1:amd64 1:8.3.0-6ubuntu1~18.04.1
2019-08-12 20:37:24 status unpacked libgcc1:amd64 1:8.3.0-6ubuntu1~18.04.1
2019-08-12 20:37:24 startup packages configure
2019-08-12 20:37:24 configure libgcc1:amd64 1:8.3.0-6ubuntu1~18.04.1 <none>
2019-08-12 20:37:24 status unpacked libgcc1:amd64 1:8.3.0-6ubuntu1~18.04.1
2019-08-12 20:37:24 status half-configured libgcc1:amd64 1:8.3.0-6ubuntu1~18.04.1
2019-08-12 20:37:24 status installed libgcc1:amd64 1:8.3.0-6ubuntu1~18.04.1
2019-08-12 20:37:24 startup archives unpack
2019-08-12 20:37:24 install libbison-dev:amd64 <none> 2:3.0.4.dfsg-1build1
2019-08-12 20:37:24 status half-installed libbison-dev:amd64 2:3.0.4.dfsg-1build1
2019-08-12 20:37:24 status unpacked libbison-dev:amd64 2:3.0.4.dfsg-1build1
2019-08-12 20:37:24 status unpacked libbison-dev:amd64 2:3.0.4.dfsg-1build1
2019-08-12 20:37:24 install bison:amd64 <none> 2:3.0.4.dfsg-1build1
2019-08-12 20:37:24 status half-installed bison:amd64 2:3.0.4.dfsg-1build1
2019-08-12 20:37:24 status unpacked bison:amd64 2:3.0.4.dfsg-1build1
2019-08-12 20:37:24 status unpacked bison:amd64 2:3.0.4.dfsg-1build1
2019-08-12 20:37:24 upgrade cpp-7:amd64 7.3.0-27ubuntu1~18.04 7.4.0-1ubuntu1~18.04.1
2019-08-12 20:37:24 status half-configured cpp-7:amd64 7.3.0-27ubuntu1~18.04
2019-08-12 20:37:24 status unpacked cpp-7:amd64 7.3.0-27ubuntu1~18.04
2019-08-12 20:37:24 status half-installed cpp-7:amd64 7.3.0-27ubuntu1~18.04
2019-08-12 20:37:25 status half-installed cpp-7:amd64 7.3.0-27ubuntu1~18.04
2019-08-12 20:37:25 status unpacked cpp-7:amd64 7.4.0-1ubuntu1~18.04.1
2019-08-12 20:37:25 status unpacked cpp-7:amd64 7.4.0-1ubuntu1~18.04.1
2019-08-12 20:37:25 upgrade gcc-7-base:amd64 7.3.0-27ubuntu1~18.04 7.4.0-1ubuntu1~18.04.1
2019-08-12 20:37:25 status half-configured gcc-7-base:amd64 7.3.0-27ubuntu1~18.04
2019-08-12 20:37:25 status unpacked gcc-7-base:amd64 7.3.0-27ubuntu1~18.04
2019-08-12 20:37:25 status half-installed gcc-7-base:amd64 7.3.0-27ubuntu1~18.04
2019-08-12 20:37:25 status half-installed gcc-7-base:amd64 7.3.0-27ubuntu1~18.04
2019-08-12 20:37:25 status unpacked gcc-7-base:amd64 7.4.0-1ubuntu1~18.04.1
2019-08-12 20:37:25 status unpacked gcc-7-base:amd64 7.4.0-1ubuntu1~18.04.1
2019-08-12 20:37:25 upgrade cpp:amd64 4:7.3.0-3ubuntu2.1 4:7.4.0-1ubuntu2.3
2019-08-12 20:37:25 status half-configured cpp:amd64 4:7.3.0-3ubuntu2.1
2019-08-12 20:37:25 status unpacked cpp:amd64 4:7.3.0-3ubuntu2.1
2019-08-12 20:37:25 status half-installed cpp:amd64 4:7.3.0-3ubuntu2.1
2019-08-12 20:37:25 status half-installed cpp:amd64 4:7.3.0-3ubuntu2.1
2019-08-12 20:37:25 status unpacked cpp:amd64 4:7.4.0-1ubuntu2.3
2019-08-12 20:37:25 status unpacked cpp:amd64 4:7.4.0-1ubuntu2.3
2019-08-12 20:37:25 install libitm1:amd64 <none> 8.3.0-6ubuntu1~18.04.1
2019-08-12 20:37:25 status half-installed libitm1:amd64 8.3.0-6ubuntu1~18.04.1
2019-08-12 20:37:25 status unpacked libitm1:amd64 8.3.0-6ubuntu1~18.04.1
2019-08-12 20:37:25 status unpacked libitm1:amd64 8.3.0-6ubuntu1~18.04.1
2019-08-12 20:37:25 install libatomic1:amd64 <none> 8.3.0-6ubuntu1~18.04.1
2019-08-12 20:37:25 status half-installed libatomic1:amd64 8.3.0-6ubuntu1~18.04.1
2019-08-12 20:37:25 status unpacked libatomic1:amd64 8.3.0-6ubuntu1~18.04.1
2019-08-12 20:37:25 status unpacked libatomic1:amd64 8.3.0-6ubuntu1~18.04.1
2019-08-12 20:37:25 install libasan4:amd64 <none> 7.4.0-1ubuntu1~18.04.1
2019-08-12 20:37:25 status half-installed libasan4:amd64 7.4.0-1ubuntu1~18.04.1
2019-08-12 20:37:25 status unpacked libasan4:amd64 7.4.0-1ubuntu1~18.04.1
2019-08-12 20:37:25 status unpacked libasan4:amd64 7.4.0-1ubuntu1~18.04.1
2019-08-12 20:37:25 install liblsan0:amd64 <none> 8.3.0-6ubuntu1~18.04.1
2019-08-12 20:37:25 status half-installed liblsan0:amd64 8.3.0-6ubuntu1~18.04.1
2019-08-12 20:37:25 status unpacked liblsan0:amd64 8.3.0-6ubuntu1~18.04.1
2019-08-12 20:37:25 status unpacked liblsan0:amd64 8.3.0-6ubuntu1~18.04.1
2019-08-12 20:37:25 install libtsan0:amd64 <none> 8.3.0-6ubuntu1~18.04.1
2019-08-12 20:37:25 status half-installed libtsan0:amd64 8.3.0-6ubuntu1~18.04.1
2019-08-12 20:37:25 status unpacked libtsan0:amd64 8.3.0-6ubuntu1~18.04.1
2019-08-12 20:37:25 status unpacked libtsan0:amd64 8.3.0-6ubuntu1~18.04.1
2019-08-12 20:37:25 install libubsan0:amd64 <none> 7.4.0-1ubuntu1~18.04.1
2019-08-12 20:37:25 status half-installed libubsan0:amd64 7.4.0-1ubuntu1~18.04.1
2019-08-12 20:37:25 status unpacked libubsan0:amd64 7.4.0-1ubuntu1~18.04.1
2019-08-12 20:37:25 status unpacked libubsan0:amd64 7.4.0-1ubuntu1~18.04.1
2019-08-12 20:37:25 install libcilkrts5:amd64 <none> 7.4.0-1ubuntu1~18.04.1
2019-08-12 20:37:25 status half-installed libcilkrts5:amd64 7.4.0-1ubuntu1~18.04.1
2019-08-12 20:37:25 status unpacked libcilkrts5:amd64 7.4.0-1ubuntu1~18.04.1
2019-08-12 20:37:25 status unpacked libcilkrts5:amd64 7.4.0-1ubuntu1~18.04.1
2019-08-12 20:37:25 install libmpx2:amd64 <none> 8.3.0-6ubuntu1~18.04.1
2019-08-12 20:37:25 status half-installed libmpx2:amd64 8.3.0-6ubuntu1~18.04.1
2019-08-12 20:37:25 status unpacked libmpx2:amd64 8.3.0-6ubuntu1~18.04.1
2019-08-12 20:37:25 status unpacked libmpx2:amd64 8.3.0-6ubuntu1~18.04.1
2019-08-12 20:37:25 install libquadmath0:amd64 <none> 8.3.0-6ubuntu1~18.04.1
2019-08-12 20:37:25 status half-installed libquadmath0:amd64 8.3.0-6ubuntu1~18.04.1
2019-08-12 20:37:26 status unpacked libquadmath0:amd64 8.3.0-6ubuntu1~18.04.1
2019-08-12 20:37:26 status unpacked libquadmath0:amd64 8.3.0-6ubuntu1~18.04.1
2019-08-12 20:37:26 install libgcc-7-dev:amd64 <none> 7.4.0-1ubuntu1~18.04.1
2019-08-12 20:37:26 status half-installed libgcc-7-dev:amd64 7.4.0-1ubuntu1~18.04.1
2019-08-12 20:37:26 status unpacked libgcc-7-dev:amd64 7.4.0-1ubuntu1~18.04.1
2019-08-12 20:37:26 status unpacked libgcc-7-dev:amd64 7.4.0-1ubuntu1~18.04.1
2019-08-12 20:37:26 install gcc-7:amd64 <none> 7.4.0-1ubuntu1~18.04.1
2019-08-12 20:37:26 status half-installed gcc-7:amd64 7.4.0-1ubuntu1~18.04.1
2019-08-12 20:37:27 status unpacked gcc-7:amd64 7.4.0-1ubuntu1~18.04.1
2019-08-12 20:37:27 status unpacked gcc-7:amd64 7.4.0-1ubuntu1~18.04.1
2019-08-12 20:37:27 install gcc:amd64 <none> 4:7.4.0-1ubuntu2.3
2019-08-12 20:37:27 status half-installed gcc:amd64 4:7.4.0-1ubuntu2.3
2019-08-12 20:37:27 status unpacked gcc:amd64 4:7.4.0-1ubuntu2.3
2019-08-12 20:37:27 status unpacked gcc:amd64 4:7.4.0-1ubuntu2.3
2019-08-12 20:37:27 install libfl2:amd64 <none> 2.6.4-6
2019-08-12 20:37:27 status half-installed libfl2:amd64 2.6.4-6
2019-08-12 20:37:27 status unpacked libfl2:amd64 2.6.4-6
2019-08-12 20:37:27 status unpacked libfl2:amd64 2.6.4-6
2019-08-12 20:37:27 install libfl-dev:amd64 <none> 2.6.4-6
2019-08-12 20:37:27 status half-installed libfl-dev:amd64 2.6.4-6
2019-08-12 20:37:27 status unpacked libfl-dev:amd64 2.6.4-6
2019-08-12 20:37:27 status unpacked libfl-dev:amd64 2.6.4-6
2019-08-12 20:37:27 startup packages configure
2019-08-12 20:37:27 configure libquadmath0:amd64 8.3.0-6ubuntu1~18.04.1 <none>
2019-08-12 20:37:27 status unpacked libquadmath0:amd64 8.3.0-6ubuntu1~18.04.1
2019-08-12 20:37:27 status half-configured libquadmath0:amd64 8.3.0-6ubuntu1~18.04.1
2019-08-12 20:37:27 status installed libquadmath0:amd64 8.3.0-6ubuntu1~18.04.1
2019-08-12 20:37:27 configure libgomp1:amd64 8.3.0-6ubuntu1~18.04.1 <none>
2019-08-12 20:37:27 status unpacked libgomp1:amd64 8.3.0-6ubuntu1~18.04.1
2019-08-12 20:37:27 status half-configured libgomp1:amd64 8.3.0-6ubuntu1~18.04.1
2019-08-12 20:37:27 status installed libgomp1:amd64 8.3.0-6ubuntu1~18.04.1
2019-08-12 20:37:27 configure libatomic1:amd64 8.3.0-6ubuntu1~18.04.1 <none>
2019-08-12 20:37:27 status unpacked libatomic1:amd64 8.3.0-6ubuntu1~18.04.1
2019-08-12 20:37:27 status half-configured libatomic1:amd64 8.3.0-6ubuntu1~18.04.1
2019-08-12 20:37:27 status installed libatomic1:amd64 8.3.0-6ubuntu1~18.04.1
2019-08-12 20:37:27 configure libcc1-0:amd64 8.3.0-6ubuntu1~18.04.1 <none>
2019-08-12 20:37:27 status unpacked libcc1-0:amd64 8.3.0-6ubuntu1~18.04.1
2019-08-12 20:37:27 status half-configured libcc1-0:amd64 8.3.0-6ubuntu1~18.04.1
2019-08-12 20:37:27 status installed libcc1-0:amd64 8.3.0-6ubuntu1~18.04.1
2019-08-12 20:37:27 configure libsigsegv2:amd64 2.12-1 <none>
2019-08-12 20:37:27 status unpacked libsigsegv2:amd64 2.12-1
2019-08-12 20:37:27 status half-configured libsigsegv2:amd64 2.12-1
2019-08-12 20:37:27 status installed libsigsegv2:amd64 2.12-1
2019-08-12 20:37:27 trigproc install-info:amd64 6.5.0.dfsg.1-2 <none>
2019-08-12 20:37:27 status half-configured install-info:amd64 6.5.0.dfsg.1-2
2019-08-12 20:37:27 status installed install-info:amd64 6.5.0.dfsg.1-2
2019-08-12 20:37:27 configure libtsan0:amd64 8.3.0-6ubuntu1~18.04.1 <none>
2019-08-12 20:37:27 status unpacked libtsan0:amd64 8.3.0-6ubuntu1~18.04.1
2019-08-12 20:37:27 status half-configured libtsan0:amd64 8.3.0-6ubuntu1~18.04.1
2019-08-12 20:37:27 status installed libtsan0:amd64 8.3.0-6ubuntu1~18.04.1
2019-08-12 20:37:27 configure m4:amd64 1.4.18-1 <none>
2019-08-12 20:37:27 status unpacked m4:amd64 1.4.18-1
2019-08-12 20:37:27 status half-configured m4:amd64 1.4.18-1
2019-08-12 20:37:27 status installed m4:amd64 1.4.18-1
2019-08-12 20:37:27 configure liblsan0:amd64 8.3.0-6ubuntu1~18.04.1 <none>
2019-08-12 20:37:27 status unpacked liblsan0:amd64 8.3.0-6ubuntu1~18.04.1
2019-08-12 20:37:27 status half-configured liblsan0:amd64 8.3.0-6ubuntu1~18.04.1
2019-08-12 20:37:27 status installed liblsan0:amd64 8.3.0-6ubuntu1~18.04.1
2019-08-12 20:37:27 configure gcc-7-base:amd64 7.4.0-1ubuntu1~18.04.1 <none>
2019-08-12 20:37:27 status unpacked gcc-7-base:amd64 7.4.0-1ubuntu1~18.04.1
2019-08-12 20:37:27 status half-configured gcc-7-base:amd64 7.4.0-1ubuntu1~18.04.1
2019-08-12 20:37:27 status installed gcc-7-base:amd64 7.4.0-1ubuntu1~18.04.1
2019-08-12 20:37:27 configure libmpx2:amd64 8.3.0-6ubuntu1~18.04.1 <none>
2019-08-12 20:37:27 status unpacked libmpx2:amd64 8.3.0-6ubuntu1~18.04.1
2019-08-12 20:37:27 status half-configured libmpx2:amd64 8.3.0-6ubuntu1~18.04.1
2019-08-12 20:37:27 status installed libmpx2:amd64 8.3.0-6ubuntu1~18.04.1
2019-08-12 20:37:27 trigproc libc-bin:amd64 2.27-3ubuntu1 <none>
2019-08-12 20:37:27 status half-configured libc-bin:amd64 2.27-3ubuntu1
2019-08-12 20:37:27 status installed libc-bin:amd64 2.27-3ubuntu1
2019-08-12 20:37:27 configure libbison-dev:amd64 2:3.0.4.dfsg-1build1 <none>
2019-08-12 20:37:27 status unpacked libbison-dev:amd64 2:3.0.4.dfsg-1build1
2019-08-12 20:37:27 status half-configured libbison-dev:amd64 2:3.0.4.dfsg-1build1
2019-08-12 20:37:27 status installed libbison-dev:amd64 2:3.0.4.dfsg-1build1
2019-08-12 20:37:27 configure libfl2:amd64 2.6.4-6 <none>
2019-08-12 20:37:27 status triggers-pending libc-bin:amd64 2.27-3ubuntu1
2019-08-12 20:37:27 status unpacked libfl2:amd64 2.6.4-6
2019-08-12 20:37:27 status half-configured libfl2:amd64 2.6.4-6
2019-08-12 20:37:27 status installed libfl2:amd64 2.6.4-6
2019-08-12 20:37:27 trigproc man-db:amd64 2.8.3-2ubuntu0.1 <none>
2019-08-12 20:37:27 status half-configured man-db:amd64 2.8.3-2ubuntu0.1
2019-08-12 20:37:29 status installed man-db:amd64 2.8.3-2ubuntu0.1
2019-08-12 20:37:29 configure bison:amd64 2:3.0.4.dfsg-1build1 <none>
2019-08-12 20:37:29 status unpacked bison:amd64 2:3.0.4.dfsg-1build1
2019-08-12 20:37:29 status half-configured bison:amd64 2:3.0.4.dfsg-1build1
2019-08-12 20:37:29 status installed bison:amd64 2:3.0.4.dfsg-1build1
2019-08-12 20:37:29 configure libitm1:amd64 8.3.0-6ubuntu1~18.04.1 <none>
2019-08-12 20:37:29 status unpacked libitm1:amd64 8.3.0-6ubuntu1~18.04.1
2019-08-12 20:37:29 status half-configured libitm1:amd64 8.3.0-6ubuntu1~18.04.1
2019-08-12 20:37:29 status installed libitm1:amd64 8.3.0-6ubuntu1~18.04.1
2019-08-12 20:37:29 configure libasan4:amd64 7.4.0-1ubuntu1~18.04.1 <none>
2019-08-12 20:37:29 status unpacked libasan4:amd64 7.4.0-1ubuntu1~18.04.1
2019-08-12 20:37:29 status half-configured libasan4:amd64 7.4.0-1ubuntu1~18.04.1
2019-08-12 20:37:29 status installed libasan4:amd64 7.4.0-1ubuntu1~18.04.1
2019-08-12 20:37:29 configure flex:amd64 2.6.4-6 <none>
2019-08-12 20:37:29 status unpacked flex:amd64 2.6.4-6
2019-08-12 20:37:29 status half-configured flex:amd64 2.6.4-6
2019-08-12 20:37:29 status installed flex:amd64 2.6.4-6
2019-08-12 20:37:29 configure libcilkrts5:amd64 7.4.0-1ubuntu1~18.04.1 <none>
2019-08-12 20:37:29 status unpacked libcilkrts5:amd64 7.4.0-1ubuntu1~18.04.1
2019-08-12 20:37:29 status half-configured libcilkrts5:amd64 7.4.0-1ubuntu1~18.04.1
2019-08-12 20:37:29 status installed libcilkrts5:amd64 7.4.0-1ubuntu1~18.04.1
2019-08-12 20:37:29 configure libubsan0:amd64 7.4.0-1ubuntu1~18.04.1 <none>
2019-08-12 20:37:29 status unpacked libubsan0:amd64 7.4.0-1ubuntu1~18.04.1
2019-08-12 20:37:29 status half-configured libubsan0:amd64 7.4.0-1ubuntu1~18.04.1
2019-08-12 20:37:29 status installed libubsan0:amd64 7.4.0-1ubuntu1~18.04.1
2019-08-12 20:37:29 configure libgcc-7-dev:amd64 7.4.0-1ubuntu1~18.04.1 <none>
2019-08-12 20:37:29 status unpacked libgcc-7-dev:amd64 7.4.0-1ubuntu1~18.04.1
2019-08-12 20:37:29 status half-configured libgcc-7-dev:amd64 7.4.0-1ubuntu1~18.04.1
2019-08-12 20:37:29 status installed libgcc-7-dev:amd64 7.4.0-1ubuntu1~18.04.1
2019-08-12 20:37:29 configure cpp-7:amd64 7.4.0-1ubuntu1~18.04.1 <none>
2019-08-12 20:37:29 status unpacked cpp-7:amd64 7.4.0-1ubuntu1~18.04.1
2019-08-12 20:37:29 status half-configured cpp-7:amd64 7.4.0-1ubuntu1~18.04.1
2019-08-12 20:37:29 status installed cpp-7:amd64 7.4.0-1ubuntu1~18.04.1
2019-08-12 20:37:29 configure libfl-dev:amd64 2.6.4-6 <none>
2019-08-12 20:37:29 status unpacked libfl-dev:amd64 2.6.4-6
2019-08-12 20:37:29 status half-configured libfl-dev:amd64 2.6.4-6
2019-08-12 20:37:29 status installed libfl-dev:amd64 2.6.4-6
2019-08-12 20:37:29 configure cpp:amd64 4:7.4.0-1ubuntu2.3 <none>
2019-08-12 20:37:29 status unpacked cpp:amd64 4:7.4.0-1ubuntu2.3
2019-08-12 20:37:29 status half-configured cpp:amd64 4:7.4.0-1ubuntu2.3
2019-08-12 20:37:29 status installed cpp:amd64 4:7.4.0-1ubuntu2.3
2019-08-12 20:37:29 configure gcc-7:amd64 7.4.0-1ubuntu1~18.04.1 <none>
2019-08-12 20:37:29 status unpacked gcc-7:amd64 7.4.0-1ubuntu1~18.04.1
2019-08-12 20:37:29 status half-configured gcc-7:amd64 7.4.0-1ubuntu1~18.04.1
2019-08-12 20:37:29 status installed gcc-7:amd64 7.4.0-1ubuntu1~18.04.1
2019-08-12 20:37:29 configure gcc:amd64 4:7.4.0-1ubuntu2.3 <none>
2019-08-12 20:37:29 status unpacked gcc:amd64 4:7.4.0-1ubuntu2.3
2019-08-12 20:37:29 status half-configured gcc:amd64 4:7.4.0-1ubuntu2.3
2019-08-12 20:37:29 status installed gcc:amd64 4:7.4.0-1ubuntu2.3
2019-08-12 20:37:29 trigproc libc-bin:amd64 2.27-3ubuntu1 <none>
2019-08-12 20:37:29 status half-configured libc-bin:amd64 2.27-3ubuntu1
2019-08-12 20:37:29 status installed libc-bin:amd64 2.27-3ubuntu1
2019-08-12 20:37:59 startup archives unpack
2019-08-12 20:37:59 upgrade libdw1:amd64 0.170-0.4 0.170-0.4ubuntu0.1
2019-08-12 20:37:59 status triggers-pending libc-bin:amd64 2.27-3ubuntu1
2019-08-12 20:37:59 status half-configured libdw1:amd64 0.170-0.4
2019-08-12 20:37:59 status unpacked libdw1:amd64 0.170-0.4
2019-08-12 20:37:59 status half-installed libdw1:amd64 0.170-0.4
2019-08-12 20:37:59 status half-installed libdw1:amd64 0.170-0.4
2019-08-12 20:37:59 status unpacked libdw1:amd64 0.170-0.4ubuntu0.1
2019-08-12 20:37:59 status unpacked libdw1:amd64 0.170-0.4ubuntu0.1
2019-08-12 20:37:59 upgrade libelf1:amd64 0.170-0.4 0.170-0.4ubuntu0.1
2019-08-12 20:37:59 status half-configured libelf1:amd64 0.170-0.4
2019-08-12 20:37:59 status unpacked libelf1:amd64 0.170-0.4
2019-08-12 20:37:59 status half-installed libelf1:amd64 0.170-0.4
2019-08-12 20:37:59 status half-installed libelf1:amd64 0.170-0.4
2019-08-12 20:37:59 status unpacked libelf1:amd64 0.170-0.4ubuntu0.1
2019-08-12 20:37:59 status unpacked libelf1:amd64 0.170-0.4ubuntu0.1
2019-08-12 20:37:59 upgrade libssl1.1:amd64 1.1.0g-2ubuntu4.3 1.1.1-1ubuntu2.1~18.04.4
2019-08-12 20:37:59 status half-configured libssl1.1:amd64 1.1.0g-2ubuntu4.3
2019-08-12 20:37:59 status unpacked libssl1.1:amd64 1.1.0g-2ubuntu4.3
2019-08-12 20:37:59 status half-installed libssl1.1:amd64 1.1.0g-2ubuntu4.3
2019-08-12 20:37:59 status half-installed libssl1.1:amd64 1.1.0g-2ubuntu4.3
2019-08-12 20:37:59 status unpacked libssl1.1:amd64 1.1.1-1ubuntu2.1~18.04.4
2019-08-12 20:37:59 status unpacked libssl1.1:amd64 1.1.1-1ubuntu2.1~18.04.4
2019-08-12 20:37:59 install zlib1g-dev:amd64 <none> 1:1.2.11.dfsg-0ubuntu2
2019-08-12 20:37:59 status half-installed zlib1g-dev:amd64 1:1.2.11.dfsg-0ubuntu2
2019-08-12 20:37:59 status triggers-pending man-db:amd64 2.8.3-2ubuntu0.1
2019-08-12 20:37:59 status unpacked zlib1g-dev:amd64 1:1.2.11.dfsg-0ubuntu2
2019-08-12 20:37:59 status unpacked zlib1g-dev:amd64 1:1.2.11.dfsg-0ubuntu2
2019-08-12 20:37:59 install libelf-dev:amd64 <none> 0.170-0.4ubuntu0.1
2019-08-12 20:37:59 status half-installed libelf-dev:amd64 0.170-0.4ubuntu0.1
2019-08-12 20:37:59 status unpacked libelf-dev:amd64 0.170-0.4ubuntu0.1
2019-08-12 20:37:59 status unpacked libelf-dev:amd64 0.170-0.4ubuntu0.1
2019-08-12 20:38:00 install libssl-dev:amd64 <none> 1.1.1-1ubuntu2.1~18.04.4
2019-08-12 20:38:00 status half-installed libssl-dev:amd64 1.1.1-1ubuntu2.1~18.04.4
2019-08-12 20:38:00 status unpacked libssl-dev:amd64 1.1.1-1ubuntu2.1~18.04.4
2019-08-12 20:38:00 status unpacked libssl-dev:amd64 1.1.1-1ubuntu2.1~18.04.4
2019-08-12 20:38:00 startup packages configure
2019-08-12 20:38:00 configure libelf1:amd64 0.170-0.4ubuntu0.1 <none>
2019-08-12 20:38:00 status unpacked libelf1:amd64 0.170-0.4ubuntu0.1
2019-08-12 20:38:00 status half-configured libelf1:amd64 0.170-0.4ubuntu0.1
2019-08-12 20:38:00 status installed libelf1:amd64 0.170-0.4ubuntu0.1
2019-08-12 20:38:00 trigproc libc-bin:amd64 2.27-3ubuntu1 <none>
2019-08-12 20:38:00 status half-configured libc-bin:amd64 2.27-3ubuntu1
2019-08-12 20:38:00 status installed libc-bin:amd64 2.27-3ubuntu1
2019-08-12 20:38:00 configure libssl1.1:amd64 1.1.1-1ubuntu2.1~18.04.4 <none>
2019-08-12 20:38:00 status triggers-pending libc-bin:amd64 2.27-3ubuntu1
2019-08-12 20:38:00 status unpacked libssl1.1:amd64 1.1.1-1ubuntu2.1~18.04.4
2019-08-12 20:38:00 status half-configured libssl1.1:amd64 1.1.1-1ubuntu2.1~18.04.4
2019-08-12 20:38:00 status installed libssl1.1:amd64 1.1.1-1ubuntu2.1~18.04.4
2019-08-12 20:38:00 trigproc man-db:amd64 2.8.3-2ubuntu0.1 <none>
2019-08-12 20:38:00 status half-configured man-db:amd64 2.8.3-2ubuntu0.1
2019-08-12 20:38:02 status installed man-db:amd64 2.8.3-2ubuntu0.1
2019-08-12 20:38:02 configure zlib1g-dev:amd64 1:1.2.11.dfsg-0ubuntu2 <none>
2019-08-12 20:38:02 status unpacked zlib1g-dev:amd64 1:1.2.11.dfsg-0ubuntu2
2019-08-12 20:38:02 status half-configured zlib1g-dev:amd64 1:1.2.11.dfsg-0ubuntu2
2019-08-12 20:38:02 status installed zlib1g-dev:amd64 1:1.2.11.dfsg-0ubuntu2
2019-08-12 20:38:02 configure libdw1:amd64 0.170-0.4ubuntu0.1 <none>
2019-08-12 20:38:02 status unpacked libdw1:amd64 0.170-0.4ubuntu0.1
2019-08-12 20:38:02 status half-configured libdw1:amd64 0.170-0.4ubuntu0.1
2019-08-12 20:38:02 status installed libdw1:amd64 0.170-0.4ubuntu0.1
2019-08-12 20:38:02 configure libssl-dev:amd64 1.1.1-1ubuntu2.1~18.04.4 <none>
2019-08-12 20:38:02 status unpacked libssl-dev:amd64 1.1.1-1ubuntu2.1~18.04.4
2019-08-12 20:38:02 status half-configured libssl-dev:amd64 1.1.1-1ubuntu2.1~18.04.4
2019-08-12 20:38:02 status installed libssl-dev:amd64 1.1.1-1ubuntu2.1~18.04.4
2019-08-12 20:38:02 configure libelf-dev:amd64 0.170-0.4ubuntu0.1 <none>
2019-08-12 20:38:02 status unpacked libelf-dev:amd64 0.170-0.4ubuntu0.1
2019-08-12 20:38:02 status half-configured libelf-dev:amd64 0.170-0.4ubuntu0.1
2019-08-12 20:38:02 status installed libelf-dev:amd64 0.170-0.4ubuntu0.1
2019-08-12 20:38:02 trigproc libc-bin:amd64 2.27-3ubuntu1 <none>
2019-08-12 20:38:02 status half-configured libc-bin:amd64 2.27-3ubuntu1
2019-08-12 20:38:02 status installed libc-bin:amd64 2.27-3ubuntu1
2019-08-12 20:39:24 startup archives unpack
2019-08-12 20:39:24 install make:amd64 <none> 4.1-9.1ubuntu1
2019-08-12 20:39:24 status half-installed make:amd64 4.1-9.1ubuntu1
2019-08-12 20:39:24 status triggers-pending man-db:amd64 2.8.3-2ubuntu0.1
2019-08-12 20:39:24 status unpacked make:amd64 4.1-9.1ubuntu1
2019-08-12 20:39:24 status unpacked make:amd64 4.1-9.1ubuntu1
2019-08-12 20:39:24 startup packages configure
2019-08-12 20:39:24 configure make:amd64 4.1-9.1ubuntu1 <none>
2019-08-12 20:39:24 status unpacked make:amd64 4.1-9.1ubuntu1
2019-08-12 20:39:24 status half-configured make:amd64 4.1-9.1ubuntu1
2019-08-12 20:39:24 status installed make:amd64 4.1-9.1ubuntu1
2019-08-12 20:39:24 trigproc man-db:amd64 2.8.3-2ubuntu0.1 <none>
2019-08-12 20:39:24 status half-configured man-db:amd64 2.8.3-2ubuntu0.1
2019-08-12 20:39:26 status installed man-db:amd64 2.8.3-2ubuntu0.1
2019-08-12 23:27:02 startup archives unpack
2019-08-12 23:27:03 install liberror-perl:all <none> 0.17025-1
2019-08-12 23:27:03 status half-installed liberror-perl:all 0.17025-1
2019-08-12 23:27:03 status triggers-pending man-db:amd64 2.8.3-2ubuntu0.1
2019-08-12 23:27:03 status unpacked liberror-perl:all 0.17025-1
2019-08-12 23:27:03 status unpacked liberror-perl:all 0.17025-1
2019-08-12 23:27:04 startup packages configure
2019-08-12 23:27:04 configure liberror-perl:all 0.17025-1 <none>
2019-08-12 23:27:04 status unpacked liberror-perl:all 0.17025-1
2019-08-12 23:27:04 status half-configured liberror-perl:all 0.17025-1
2019-08-12 23:27:04 status installed liberror-perl:all 0.17025-1
2019-08-12 23:27:04 trigproc man-db:amd64 2.8.3-2ubuntu0.1 <none>
2019-08-12 23:27:04 status half-configured man-db:amd64 2.8.3-2ubuntu0.1
2019-08-12 23:27:07 status installed man-db:amd64 2.8.3-2ubuntu0.1
2019-08-12 23:34:00 startup archives unpack
2019-08-12 23:34:01 status triggers-pending mime-support:all 3.60ubuntu1
2019-08-12 23:34:01 status triggers-pending gnome-menus:amd64 3.13.3-11ubuntu1.1
2019-08-12 23:34:01 status triggers-pending desktop-file-utils:amd64 0.23-1ubuntu3.18.04.2
2019-08-12 23:34:01 status triggers-pending mime-support:all 3.60ubuntu1
2019-08-12 23:34:01 status triggers-pending hicolor-icon-theme:all 0.17-2
2019-08-12 23:34:01 status triggers-pending man-db:amd64 2.8.3-2ubuntu0.1
2019-08-12 23:34:03 startup packages configure
2019-08-12 23:34:03 trigproc mime-support:all 3.60ubuntu1 <none>
2019-08-12 23:34:03 status half-configured mime-support:all 3.60ubuntu1
2019-08-12 23:34:03 status installed mime-support:all 3.60ubuntu1
2019-08-12 23:34:03 trigproc desktop-file-utils:amd64 0.23-1ubuntu3.18.04.2 <none>
2019-08-12 23:34:03 status half-configured desktop-file-utils:amd64 0.23-1ubuntu3.18.04.2
2019-08-12 23:34:03 status installed desktop-file-utils:amd64 0.23-1ubuntu3.18.04.2
2019-08-12 23:34:03 trigproc man-db:amd64 2.8.3-2ubuntu0.1 <none>
2019-08-12 23:34:03 status half-configured man-db:amd64 2.8.3-2ubuntu0.1
2019-08-12 23:34:05 status installed man-db:amd64 2.8.3-2ubuntu0.1
2019-08-12 23:34:05 trigproc gnome-menus:amd64 3.13.3-11ubuntu1.1 <none>
2019-08-12 23:34:05 status half-configured gnome-menus:amd64 3.13.3-11ubuntu1.1
2019-08-12 23:34:05 status installed gnome-menus:amd64 3.13.3-11ubuntu1.1
2019-08-12 23:34:05 trigproc hicolor-icon-theme:all 0.17-2 <none>
2019-08-12 23:34:05 status half-configured hicolor-icon-theme:all 0.17-2
2019-08-12 23:34:05 status installed hicolor-icon-theme:all 0.17-2
